TN:
SF:src\router.ts
FN:27,(anonymous_0)
FN:42,(anonymous_1)
FNF:2
FNH:2
FNDA:4,(anonymous_0)
FNDA:5,(anonymous_1)
DA:1,2
DA:2,2
DA:3,2
DA:4,2
DA:6,2
DA:9,2
DA:11,2
DA:19,2
DA:27,4
DA:33,2
DA:42,5
DA:51,2
DA:60,2
DA:69,2
DA:78,2
LF:15
LH:15
BRF:0
BRH:0
end_of_record
TN:
SF:src\server.ts
FN:7,connectDB
FNF:1
FNH:1
FNDA:3,connectDB
DA:1,2
DA:2,2
DA:3,2
DA:4,2
DA:7,2
DA:8,3
DA:9,3
DA:10,2
DA:12,1
DA:13,1
DA:16,2
DA:19,2
DA:22,2
DA:24,2
DA:27,2
LF:15
LH:15
BRF:0
BRH:0
end_of_record
TN:
SF:src\config\db.ts
FNF:0
FNH:0
DA:1,2
DA:2,2
DA:3,2
DA:4,2
DA:6,2
DA:11,2
DA:13,2
LF:7
LH:7
BRF:0
BRH:0
end_of_record
TN:
SF:src\handlers\product.ts
FN:5,(anonymous_1)
FN:14,(anonymous_2)
FN:25,(anonymous_3)
FN:46,(anonymous_4)
FN:62,(anonymous_5)
FN:78,(anonymous_6)
FN:92,(anonymous_7)
FNF:7
FNH:7
FNDA:2,(anonymous_1)
FNDA:2,(anonymous_2)
FNDA:1,(anonymous_3)
FNDA:2,(anonymous_4)
FNDA:2,(anonymous_5)
FNDA:1,(anonymous_6)
FNDA:2,(anonymous_7)
DA:3,2
DA:5,2
DA:6,2
DA:11,2
DA:14,2
DA:15,2
DA:16,2
DA:17,2
DA:18,1
DA:22,1
DA:25,2
DA:42,1
DA:43,1
DA:46,2
DA:47,2
DA:48,2
DA:50,2
DA:51,1
DA:57,1
DA:58,1
DA:59,1
DA:62,2
DA:63,2
DA:64,2
DA:66,2
DA:67,1
DA:73,1
DA:74,1
DA:75,1
DA:78,2
DA:79,1
DA:81,1
DA:83,1
DA:84,0
DA:88,1
DA:89,1
DA:92,2
DA:93,2
DA:94,2
DA:96,2
DA:97,1
DA:101,1
DA:102,1
LF:43
LH:42
BRDA:17,0,0,1
BRDA:17,0,1,1
BRDA:50,1,0,1
BRDA:50,1,1,1
BRDA:66,2,0,1
BRDA:66,2,1,1
BRDA:83,3,0,0
BRDA:83,3,1,1
BRDA:96,4,0,1
BRDA:96,4,1,1
BRF:10
BRH:9
end_of_record
TN:
SF:src\middleware\index.ts
FN:5,(anonymous_0)
FNF:1
FNH:1
FNDA:18,(anonymous_0)
DA:2,2
DA:5,2
DA:7,18
DA:8,18
DA:9,8
DA:12,10
LF:6
LH:6
BRDA:8,0,0,8
BRDA:8,0,1,10
BRF:2
BRH:2
end_of_record
TN:
SF:src\models\Product.model.ts
FNF:0
FNH:0
DA:1,3
DA:7,3
DA:11,3
DA:16,3
DA:22,3
DA:25,3
LF:6
LH:6
BRF:0
BRH:0
end_of_record
